<?xml version="1.0" encoding="UTF-8" standalone="yes" ?>
<test-results name="D:\Ecossistema-Delphi\JsonFlow\Tests\Schema\Win32\Debug\JsonFlow.Schema.Tests.exe" total="64" errors="0" failures="7" ignored="0" inconclusive="0" not-run="0" skipped="0" invalid="0" date="2026-03-19" time="1.498">
  <culture-info current-culture="en" current-uiculture="en" />
  <test-suite type="Assembly" name="JsonFlow.Schema.Tests.exe" executed="true" result="Failure" success="False" time="1.498" asserts="0">
    <results>
        <test-suite type="Namespace" name="JsonFlow" executed="true" result="Failure" success="False" time="1.498" asserts="0" >
          <results>
              <test-suite type="Fixture" name="TSchemaDeepValidationBaselineTests" executed="True" result="Failure" success="False" time="0.046" >
                <results>
                  <test-case name="TestValidate_Deep_MinLength_ShouldFail" executed="True" result="Failure" success="False" time="0.031" asserts="0" >
                    <failure>
                      <message>
                        <![CDATA[ Condition is True when False expected. Deep minLength deveria invalidar o JSON ]]>
                      </message>
                      <stack-trace>
                        <![CDATA[  ]]>
                      </stack-trace>
                    </failure>
                  </test-case>
                  <test-case name="TestValidate_Deep_Required_ShouldFail" executed="True" result="Failure" success="False" time="0.008" asserts="0" >
                    <failure>
                      <message>
                        <![CDATA[ Condition is True when False expected. Deep required deveria invalidar o JSON ]]>
                      </message>
                      <stack-trace>
                        <![CDATA[  ]]>
                      </stack-trace>
                    </failure>
                  </test-case>
                  <test-case name="TestValidate_SameKey_In_Different_Branches_ShouldFail" executed="True" result="Failure" success="False" time="0.005" asserts="0" >
                    <failure>
                      <message>
                        <![CDATA[ Condition is True when False expected. Branches com mesma chave (cep) e regras diferentes deveriam invalidar ]]>
                      </message>
                      <stack-trace>
                        <![CDATA[  ]]>
                      </stack-trace>
                    </failure>
                  </test-case>
                </results>
              </test-suite>
              <test-suite type="Fixture" name="TJSONSchemaNavigatorTests" executed="True" result="Success" success="True" time="0.006" >
                <results>
                  <test-case name="TestGetValue_SimplePath" executed="True" result="Success" success="True" time="0.000" asserts="0" />
                  <test-case name="TestGetValue_NestedPath" executed="True" result="Success" success="True" time="0.000" asserts="0" />
                  <test-case name="TestGetValue_ArrayIndex" executed="True" result="Success" success="True" time="0.000" asserts="0" />
                  <test-case name="TestGetObject_ValidPath" executed="True" result="Success" success="True" time="0.000" asserts="0" />
                  <test-case name="TestGetObject_InvalidPath" executed="True" result="Success" success="True" time="0.000" asserts="0" />
                  <test-case name="TestGetArray_ValidPath" executed="True" result="Success" success="True" time="0.000" asserts="0" />
                  <test-case name="TestGetArray_InvalidPath" executed="True" result="Success" success="True" time="0.000" asserts="0" />
                  <test-case name="TestResolveRef_LocalDefs" executed="True" result="Success" success="True" time="0.000" asserts="0" />
                  <test-case name="TestResolveRef_LocalAnchor" executed="True" result="Success" success="True" time="0.000" asserts="0" />
                  <test-case name="TestResolveRef_ExternalFile" executed="True" result="Success" success="True" time="0.003" asserts="0" />
                  <test-case name="TestGetValue_EscapeCharacters" executed="True" result="Success" success="True" time="0.000" asserts="0" />
                  <test-case name="TestGetValue_InvalidPath" executed="True" result="Success" success="True" time="0.000" asserts="0" />
                </results>
              </test-suite>
              <test-suite type="Fixture" name="TJSONSchemaReaderTests" executed="True" result="Failure" success="False" time="1.427" >
                <results>
                  <test-case name="TestLoadFromString_ValidSchema" executed="True" result="Success" success="True" time="0.000" asserts="0" />
                  <test-case name="TestLoadFromString_InvalidJSON" executed="True" result="Success" success="True" time="1.418" asserts="0" />
                  <test-case name="TestLoadFromFile_ValidFile" executed="True" result="Success" success="True" time="0.003" asserts="0" />
                  <test-case name="TestValidate_ValidInstance" executed="True" result="Success" success="True" time="0.000" asserts="0" />
                  <test-case name="TestValidate_InvalidInstance" executed="True" result="Failure" success="False" time="0.000" asserts="0" >
                    <failure>
                      <message>
                        <![CDATA[ [Expected type string, found number] does not contain [Invalid type] Erro de tipo esperado ]]>
                      </message>
                      <stack-trace>
                        <![CDATA[  ]]>
                      </stack-trace>
                    </failure>
                  </test-case>
                  <test-case name="TestDetectVersion_Draft7" executed="True" result="Success" success="True" time="0.000" asserts="0" />
                  <test-case name="TestDetectVersion_Draft201909" executed="True" result="Success" success="True" time="0.000" asserts="0" />
                  <test-case name="TestDetectVersion_Unknown" executed="True" result="Failure" success="False" time="0.002" asserts="0" >
                    <failure>
                      <message>
                        <![CDATA[ Expected [1] but got [0] Deveria registrar um erro pra vers�o desconhecida ]]>
                      </message>
                      <stack-trace>
                        <![CDATA[  ]]>
                      </stack-trace>
                    </failure>
                  </test-case>
                  <test-case name="TestValidateWithSchemaString" executed="True" result="Success" success="True" time="0.000" asserts="0" />
                  <test-case name="TestGetErrors" executed="True" result="Failure" success="False" time="0.002" asserts="0" >
                    <failure>
                      <message>
                        <![CDATA[ [Expected type string, found number] does not contain [Invalid type] Mensagem de erro esperada ]]>
                      </message>
                      <stack-trace>
                        <![CDATA[  ]]>
                      </stack-trace>
                    </failure>
                  </test-case>
                </results>
              </test-suite>
              <test-suite type="Fixture" name="TJSONSchemaValidatorTests" executed="True" result="Failure" success="False" time="0.015" >
                <results>
                  <test-case name="TestValidate_SimpleType" executed="True" result="Success" success="True" time="0.001" asserts="0" />
                  <test-case name="TestValidate_RequiredField" executed="True" result="Success" success="True" time="0.000" asserts="0" />
                  <test-case name="TestValidate_StringType" executed="True" result="Success" success="True" time="0.000" asserts="0" />
                  <test-case name="TestValidate_NumberType" executed="True" result="Success" success="True" time="0.000" asserts="0" />
                  <test-case name="TestValidate_ObjectType" executed="True" result="Success" success="True" time="0.000" asserts="0" />
                  <test-case name="TestValidate_ArrayType" executed="True" result="Success" success="True" time="0.000" asserts="0" />
                  <test-case name="TestValidate_LocalDefs" executed="True" result="Success" success="True" time="0.000" asserts="0" />
                  <test-case name="TestValidate_LocalAnchor" executed="True" result="Success" success="True" time="0.000" asserts="0" />
                  <test-case name="TestValidate_DeepNestedProperties" executed="True" result="Success" success="True" time="0.001" asserts="0" />
                  <test-case name="TestValidate_LocalDefs_Permissive_AllowsUnknownAndMissing" executed="True" result="Success" success="True" time="0.000" asserts="0" />
                  <test-case name="TestValidate_AllOf" executed="True" result="Success" success="True" time="0.000" asserts="0" />
                  <test-case name="TestValidate_AnyOf" executed="True" result="Success" success="True" time="0.000" asserts="0" />
                  <test-case name="TestValidate_OneOf" executed="True" result="Success" success="True" time="0.002" asserts="0" />
                  <test-case name="TestValidate_Not" executed="True" result="Success" success="True" time="0.000" asserts="0" />
                  <test-case name="TestValidate_MinItems" executed="True" result="Success" success="True" time="0.001" asserts="0" />
                  <test-case name="TestValidate_MaxItems" executed="True" result="Success" success="True" time="0.000" asserts="0" />
                  <test-case name="TestValidate_Contains" executed="True" result="Success" success="True" time="0.000" asserts="0" />
                  <test-case name="TestValidate_UniqueItems" executed="True" result="Success" success="True" time="0.000" asserts="0" />
                  <test-case name="TestValidate_Format" executed="True" result="Failure" success="False" time="0.002" asserts="0" >
                    <failure>
                      <message>
                        <![CDATA[ Condition is True when False expected. Should fail for invalid email format ]]>
                      </message>
                      <stack-trace>
                        <![CDATA[  ]]>
                      </stack-trace>
                    </failure>
                  </test-case>
                  <test-case name="TestValidate_Pattern" executed="True" result="Success" success="True" time="0.000" asserts="0" />
                  <test-case name="TestValidate_PatternProperties" executed="True" result="Success" success="True" time="0.000" asserts="0" />
                  <test-case name="TestValidate_PropertyNames" executed="True" result="Success" success="True" time="0.001" asserts="0" />
                  <test-case name="TestValidate_AdditionalProperties" executed="True" result="Success" success="True" time="0.001" asserts="0" />
                  <test-case name="TestValidate_MinProperties" executed="True" result="Success" success="True" time="0.000" asserts="0" />
                  <test-case name="TestValidate_MaxProperties" executed="True" result="Success" success="True" time="0.002" asserts="0" />
                  <test-case name="TestValidate_ExclusiveMinimum" executed="True" result="Success" success="True" time="0.000" asserts="0" />
                  <test-case name="TestValidate_ExclusiveMaximum" executed="True" result="Success" success="True" time="0.000" asserts="0" />
                  <test-case name="TestValidate_MultipleOf" executed="True" result="Success" success="True" time="0.002" asserts="0" />
                  <test-case name="TestValidate_IfThenElse" executed="True" result="Success" success="True" time="0.000" asserts="0" />
                </results>
              </test-suite>
              <test-suite type="Fixture" name="TJSONSchemaValidatorNewTests" executed="True" result="Success" success="True" time="0.004" >
                <results>
                  <test-case name="TestValidate_SimpleString" executed="True" result="Success" success="True" time="0.000" asserts="0" />
                  <test-case name="TestValidate_SimpleNumber" executed="True" result="Success" success="True" time="0.000" asserts="0" />
                  <test-case name="TestValidate_SimpleBoolean" executed="True" result="Success" success="True" time="0.001" asserts="0" />
                  <test-case name="TestValidate_SimpleObject" executed="True" result="Success" success="True" time="0.000" asserts="0" />
                  <test-case name="TestValidate_SimpleArray" executed="True" result="Success" success="True" time="0.000" asserts="0" />
                  <test-case name="TestValidate_RequiredField" executed="True" result="Success" success="True" time="0.000" asserts="0" />
                  <test-case name="TestValidate_MinLength" executed="True" result="Success" success="True" time="0.002" asserts="0" />
                  <test-case name="TestValidate_MaxLength" executed="True" result="Success" success="True" time="0.000" asserts="0" />
                  <test-case name="TestValidate_MinimumNumber" executed="True" result="Success" success="True" time="0.000" asserts="0" />
                  <test-case name="TestValidate_MaximumNumber" executed="True" result="Success" success="True" time="0.000" asserts="0" />
                </results>
              </test-suite>
          </results>
        </test-suite>
    </results>
  </test-suite>
</test-results>
